Oct 11 01:03:58 scripts systemd-logind[492]: New session 500 of user jonasfirmiano.
Oct 11 01:03:59 scripts systemd-logind[492]: New session 501 of user jonasfirmiano.
Oct 11 01:27:12 scripts systemd-logind[492]: New session 503 of user jonasfirmiano.
Oct 11 01:27:12 scripts systemd-logind[492]: New session 504 of user jonasfirmiano.
Oct 11 01:49:00 scripts systemd-logind[492]: New session 505 of user jonasfirmiano.
Oct 11 01:49:01 scripts systemd-logind[492]: New session 506 of user jonasfirmiano.
Oct 11 02:30:00 scripts systemd-logind[492]: New session 508 of user jonasfirmiano.
Oct 11 02:30:01 scripts systemd-logind[492]: New session 509 of user jonasfirmiano.
Oct 11 13:27:32 scripts systemd-logind[492]: New session 523 of user jonasfirmiano.
Oct 11 13:27:33 scripts systemd-logind[492]: New session 524 of user jonasfirmiano.
Oct 11 13:27:41 scripts systemd-logind[492]: New session 525 of user jonasfirmiano.
Oct 11 13:27:42 scripts systemd-logind[492]: New session 526 of user jonasfirmiano.
Oct 12 08:05:32 scripts systemd-logind[492]: New session 548 of user andrefelipe.
Oct 12 15:13:13 scripts systemd-logind[492]: New session 556 of user luizalves.
Oct 12 19:36:23 scripts systemd-logind[492]: New session 563 of user carloseduardo.
Oct 12 19:36:23 scripts systemd-logind[492]: New session 565 of user carloseduardo.
Oct 12 20:45:35 scripts systemd-logind[492]: New session 567 of user franciscolucas.
Oct 12 21:50:02 scripts systemd-logind[492]: New session 570 of user carloseduardo.
Oct 12 21:50:03 scripts systemd-logind[492]: New session 571 of user carloseduardo.
Oct 12 21:53:57 scripts systemd-logind[492]: New session 572 of user carloseduardo.
Oct 12 21:53:58 scripts systemd-logind[492]: New session 573 of user carloseduardo.
Oct 12 21:59:12 scripts systemd-logind[492]: New session 574 of user joaofirmino.
Oct 12 21:59:13 scripts systemd-logind[492]: New session 576 of user joaofirmino.
